TN:
SF:app.js
FN:30,(anonymous_0)
FN:35,(anonymous_1)
FNF:2
FNH:2
FNDA:2,(anonymous_0)
FNDA:39,(anonymous_1)
DA:5,4
DA:6,4
DA:8,4
DA:10,4
DA:11,4
DA:12,4
DA:13,4
DA:15,4
DA:17,4
DA:19,4
DA:20,4
DA:21,4
DA:22,4
DA:24,4
DA:25,4
DA:26,4
DA:30,4
DA:31,2
DA:35,4
DA:36,39
DA:37,39
DA:38,39
DA:40,39
DA:45,4
LF:24
LH:24
BRDA:36,0,0,1
BRDA:36,0,1,38
BRDA:37,1,0,39
BRDA:37,1,1,2
BRF:4
BRH:4
end_of_record
TN:
SF:config.js
FN:13,getDatabaseUri
FNF:1
FNH:1
FNDA:19,getDatabaseUri
DA:5,10
DA:6,10
DA:8,10
DA:10,10
DA:14,19
DA:22,10
DA:24,10
DA:25,10
DA:26,10
DA:27,10
DA:28,10
DA:29,10
DA:31,10
LF:13
LH:13
BRDA:8,0,0,10
BRDA:8,0,1,9
BRDA:10,1,0,10
BRDA:10,1,1,9
BRDA:14,2,0,16
BRDA:14,2,1,3
BRDA:16,3,0,3
BRDA:16,3,1,1
BRDA:22,4,0,9
BRDA:22,4,1,1
BRF:10
BRH:10
end_of_record
TN:
SF:db.js
FNF:0
FNH:0
DA:5,6
DA:6,6
DA:8,6
DA:12,6
DA:14,6
LF:5
LH:5
BRF:0
BRH:0
end_of_record
TN:
SF:expressError.js
FN:8,(anonymous_0)
FN:18,(anonymous_1)
FN:26,(anonymous_2)
FN:34,(anonymous_3)
FN:42,(anonymous_4)
FNF:5
FNH:4
FNDA:55,(anonymous_0)
FNDA:14,(anonymous_1)
FNDA:21,(anonymous_2)
FNDA:20,(anonymous_3)
FNDA:0,(anonymous_4)
DA:9,55
DA:10,55
DA:11,55
DA:19,14
DA:27,21
DA:35,20
DA:43,0
DA:47,8
LF:8
LH:7
BRDA:18,0,0,2
BRDA:26,1,0,17
BRDA:34,2,0,0
BRDA:42,3,0,0
BRF:4
BRH:2
end_of_record
TN:
SF:helpers/sql.js
FN:15,sqlForPartialUpdate
FN:22,(anonymous_1)
FNF:2
FNH:2
FNDA:15,sqlForPartialUpdate
FNDA:29,(anonymous_1)
DA:2,7
DA:17,15
DA:19,15
DA:22,13
DA:23,29
DA:26,13
DA:33,7
LF:7
LH:7
BRDA:19,0,0,2
BRDA:19,0,1,13
BRDA:23,1,0,29
BRDA:23,1,1,14
BRF:4
BRH:4
end_of_record
TN:
SF:helpers/tokens.js
FN:6,createToken
FNF:1
FNH:1
FNDA:13,createToken
DA:1,5
DA:2,5
DA:7,13
DA:10,13
DA:15,13
DA:18,5
LF:6
LH:6
BRDA:12,0,0,13
BRDA:12,0,1,8
BRF:2
BRH:2
end_of_record
TN:
SF:middleware/auth.js
FN:18,authenticateJWT
FN:36,ensureLoggedIn
FN:48,ensureAdmin
FN:64,ensureAdminOrCurrent
FNF:4
FNH:4
FNDA:59,authenticateJWT
FNDA:7,ensureLoggedIn
FNDA:24,ensureAdmin
FNDA:18,ensureAdminOrCurrent
DA:5,5
DA:6,5
DA:7,5
DA:19,59
DA:20,59
DA:21,59
DA:22,34
DA:23,34
DA:25,58
DA:27,1
DA:37,7
DA:38,7
DA:39,5
DA:41,2
DA:50,24
DA:51,24
DA:52,24
DA:53,8
DA:55,16
DA:57,8
DA:65,18
DA:66,15
DA:68,15
DA:69,15
DA:70,6
DA:71,4
DA:74,11
DA:76,4
DA:80,5
LF:29
LH:29
BRDA:20,0,0,59
BRDA:20,0,1,58
BRDA:21,1,0,34
BRDA:21,1,1,25
BRDA:38,2,0,2
BRDA:38,2,1,5
BRDA:52,3,0,8
BRDA:52,3,1,16
BRDA:52,4,0,24
BRDA:52,4,1,21
BRDA:65,5,0,3
BRDA:65,5,1,15
BRDA:69,6,0,6
BRDA:69,6,1,9
BRDA:70,7,0,4
BRDA:70,7,1,2
BRF:16
BRH:16
end_of_record
TN:
SF:models/_testCommon.js
FN:6,commonBeforeAll
FN:33,commonBeforeEach
FN:37,commonAfterEach
FN:41,commonAfterAll
FNF:4
FNH:4
FNDA:2,commonBeforeAll
FNDA:35,commonBeforeEach
FNDA:35,commonAfterEach
FNDA:2,commonAfterAll
DA:1,2
DA:3,2
DA:4,2
DA:8,2
DA:10,2
DA:12,2
DA:18,2
DA:34,35
DA:38,35
DA:42,2
DA:46,2
LF:11
LH:11
BRF:0
BRH:0
end_of_record
TN:
SF:models/company.js
FN:19,(anonymous_0)
FN:60,(anonymous_1)
FN:96,(anonymous_2)
FN:110,(anonymous_3)
FN:133,(anonymous_4)
FN:163,(anonymous_5)
FN:191,(anonymous_6)
FN:214,(anonymous_7)
FNF:8
FNH:8
FNDA:13,(anonymous_0)
FNDA:5,(anonymous_1)
FNDA:7,(anonymous_2)
FNDA:21,(anonymous_3)
FNDA:5,(anonymous_4)
FNDA:6,(anonymous_5)
FNDA:4,(anonymous_6)
FNDA:7,(anonymous_7)
DA:3,5
DA:4,5
DA:5,5
DA:20,13
DA:26,13
DA:27,1
DA:29,12
DA:47,12
DA:49,12
DA:64,5
DA:65,3
DA:66,3
DA:69,2
DA:70,2
DA:73,5
DA:82,4
DA:97,7
DA:98,7
DA:100,7
DA:102,7
DA:103,7
DA:105,7
DA:107,7
DA:110,21
DA:111,7
DA:112,7
DA:114,7
DA:115,6
DA:118,7
DA:134,5
DA:144,5
DA:146,5
DA:148,3
DA:164,6
DA:171,5
DA:173,5
DA:178,5
DA:179,5
DA:181,5
DA:183,3
DA:192,4
DA:198,4
DA:200,4
DA:215,7
DA:217,7
DA:218,2
DA:220,5
DA:221,1
DA:224,4
DA:225,4
DA:226,4
DA:228,4
DA:229,1
DA:232,3
DA:233,3
DA:234,3
DA:236,3
DA:244,5
LF:58
LH:58
BRDA:26,0,0,1
BRDA:26,0,1,12
BRDA:64,1,0,3
BRDA:64,1,1,2
BRDA:104,2,0,6
BRDA:104,2,1,1
BRDA:106,3,0,4
BRDA:106,3,1,3
BRDA:108,4,0,2
BRDA:108,4,1,5
BRDA:114,5,0,6
BRDA:114,5,1,1
BRDA:146,6,0,2
BRDA:146,6,1,3
BRDA:181,7,0,2
BRDA:181,7,1,3
BRDA:200,8,0,2
BRDA:200,8,1,2
BRDA:217,9,0,2
BRDA:217,9,1,5
BRDA:217,10,0,7
BRDA:217,10,1,3
BRDA:220,11,0,1
BRDA:220,11,1,4
BRDA:220,12,0,5
BRDA:220,12,1,3
BRDA:228,13,0,1
BRDA:228,13,1,3
BRDA:232,14,0,3
BRDA:232,14,1,0
BRDA:233,15,0,2
BRDA:233,15,1,1
BRDA:234,16,0,1
BRDA:234,16,1,2
BRF:34
BRH:33
end_of_record
TN:
SF:models/user.js
FN:24,(anonymous_0)
FN:59,(anonymous_1)
FN:104,(anonymous_2)
FN:126,(anonymous_3)
FN:162,(anonymous_4)
FN:195,(anonymous_5)
FNF:6
FNH:6
FNDA:7,(anonymous_0)
FNDA:16,(anonymous_1)
FNDA:3,(anonymous_2)
FNDA:5,(anonymous_3)
FNDA:7,(anonymous_4)
FNDA:4,(anonymous_5)
DA:3,5
DA:4,5
DA:5,5
DA:10,5
DA:12,5
DA:26,7
DA:38,7
DA:40,7
DA:42,4
DA:43,4
DA:44,3
DA:45,3
DA:49,4
DA:61,16
DA:68,16
DA:69,1
DA:72,15
DA:74,15
DA:94,15
DA:96,15
DA:105,3
DA:115,2
DA:127,5
DA:138,5
DA:140,5
DA:142,3
DA:163,7
DA:164,2
DA:167,7
DA:174,6
DA:176,6
DA:184,6
DA:185,6
DA:187,6
DA:189,4
DA:190,4
DA:196,4
DA:203,4
DA:205,4
DA:210,5
LF:40
LH:40
BRDA:40,0,0,4
BRDA:40,0,1,3
BRDA:43,1,0,3
BRDA:43,1,1,1
BRDA:68,2,0,1
BRDA:68,2,1,15
BRDA:140,3,0,2
BRDA:140,3,1,3
BRDA:163,4,0,2
BRDA:163,4,1,5
BRDA:187,5,0,2
BRDA:187,5,1,4
BRDA:205,6,0,2
BRDA:205,6,1,2
BRF:14
BRH:14
end_of_record
TN:
SF:routes/_testCommon.js
FN:8,commonBeforeAll
FN:65,commonBeforeEach
FN:69,commonAfterEach
FN:73,commonAfterAll
FNF:4
FNH:4
FNDA:3,commonBeforeAll
FNDA:54,commonBeforeEach
FNDA:54,commonAfterEach
FNDA:3,commonAfterAll
DA:3,3
DA:4,3
DA:5,3
DA:6,3
DA:10,3
DA:12,3
DA:14,3
DA:22,3
DA:30,3
DA:39,3
DA:47,3
DA:55,3
DA:66,54
DA:70,54
DA:74,3
DA:78,3
DA:79,3
DA:82,3
LF:18
LH:18
BRF:0
BRH:0
end_of_record
TN:
SF:routes/auth.js
FN:22,(anonymous_0)
FN:25,(anonymous_1)
FN:45,(anonymous_2)
FN:48,(anonymous_3)
FNF:4
FNH:4
FNDA:5,(anonymous_0)
FNDA:2,(anonymous_1)
FNDA:3,(anonymous_2)
FNDA:5,(anonymous_3)
DA:5,4
DA:7,4
DA:8,4
DA:9,4
DA:10,4
DA:11,4
DA:12,4
DA:13,4
DA:22,4
DA:23,5
DA:24,5
DA:25,2
DA:26,2
DA:29,3
DA:30,3
DA:31,1
DA:32,1
DA:45,4
DA:46,3
DA:47,3
DA:48,5
DA:49,2
DA:52,1
DA:53,1
DA:54,1
DA:58,4
LF:26
LH:26
BRDA:24,0,0,2
BRDA:24,0,1,3
BRDA:47,1,0,2
BRDA:47,1,1,1
BRF:4
BRH:4
end_of_record
TN:
SF:routes/companies.js
FN:28,(anonymous_0)
FN:31,(anonymous_1)
FN:52,(anonymous_2)
FN:57,(anonymous_3)
FN:78,(anonymous_4)
FN:94,(anonymous_5)
FN:97,(anonymous_6)
FN:110,(anonymous_7)
FNF:8
FNH:8
FNDA:3,(anonymous_0)
FNDA:3,(anonymous_1)
FNDA:5,(anonymous_2)
FNDA:1,(anonymous_3)
FNDA:3,(anonymous_4)
FNDA:4,(anonymous_5)
FNDA:2,(anonymous_6)
FNDA:2,(anonymous_7)
DA:5,4
DA:6,4
DA:8,4
DA:9,4
DA:10,4
DA:13,4
DA:14,4
DA:15,4
DA:16,4
DA:28,4
DA:29,3
DA:30,3
DA:31,3
DA:32,2
DA:35,1
DA:36,1
DA:52,4
DA:53,5
DA:55,5
DA:56,5
DA:57,1
DA:58,1
DA:62,4
DA:63,2
DA:66,3
DA:67,2
DA:78,4
DA:79,3
DA:80,2
DA:94,4
DA:95,4
DA:96,4
DA:97,2
DA:98,2
DA:101,2
DA:102,1
DA:110,4
DA:111,2
DA:112,1
DA:116,4
LF:40
LH:40
BRDA:30,0,0,2
BRDA:30,0,1,1
BRDA:56,1,0,1
BRDA:56,1,1,4
BRDA:62,2,0,2
BRDA:62,2,1,2
BRDA:96,3,0,2
BRDA:96,3,1,2
BRF:8
BRH:8
end_of_record
TN:
SF:routes/users.js
FN:30,(anonymous_0)
FN:33,(anonymous_1)
FN:50,(anonymous_2)
FN:63,(anonymous_3)
FN:80,(anonymous_4)
FN:83,(anonymous_5)
FN:97,(anonymous_6)
FNF:7
FNH:7
FNDA:4,(anonymous_0)
FNDA:5,(anonymous_1)
FNDA:2,(anonymous_2)
FNDA:3,(anonymous_3)
FNDA:4,(anonymous_4)
FNDA:1,(anonymous_5)
FNDA:2,(anonymous_6)
DA:5,4
DA:7,4
DA:8,4
DA:9,4
DA:10,4
DA:11,4
DA:12,4
DA:13,4
DA:15,4
DA:30,4
DA:31,4
DA:32,4
DA:33,5
DA:34,2
DA:37,2
DA:38,2
DA:39,2
DA:50,4
DA:51,2
DA:52,1
DA:63,4
DA:65,3
DA:66,2
DA:80,4
DA:81,4
DA:82,4
DA:83,1
DA:84,1
DA:87,3
DA:88,2
DA:97,4
DA:98,2
DA:99,1
DA:103,4
LF:34
LH:34
BRDA:32,0,0,2
BRDA:32,0,1,2
BRDA:82,1,0,1
BRDA:82,1,1,3
BRF:4
BRH:4
end_of_record
